2023-12-12T07:20:55+00:00 CRITICAL Unclosed '{' on line 11 in C:\xampp\htdocs\site2\wp-content\plugins\custom-product-add\product.php on line 225

2023-12-12T07:22:25+00:00 CRITICAL Unclosed '{' on line 11 in C:\xampp\htdocs\site2\wp-content\plugins\custom-product-add\product.php on line 227

2023-12-12T07:22:40+00:00 CRITICAL Unclosed '{' on line 11 in C:\xampp\htdocs\site2\wp-content\plugins\custom-product-add\product.php on line 227

2023-12-12T07:23:32+00:00 CRITICAL Unclosed '{' on line 11 in C:\xampp\htdocs\site2\wp-content\plugins\custom-product-add\product.php on line 227

2023-12-12T11:27:07+00:00 CRITICAL Uncaught Error: Call to undefined function media_handle_upload() in C:\xampp\htdocs\site2\wp-content\plugins\custom-product-add\product.php:25
Stack trace:
#0 C:\xampp\htdocs\site2\wp-includes\shortcodes.php(433): product_shortcode('', '', 'product_shortco...')
#1 [internal function]: do_shortcode_tag(Array)
#2 C:\xampp\htdocs\site2\wp-includes\shortcodes.php(273): preg_replace_callback('/\\[(\\[?)(produc...', 'do_shortcode_ta...', '<div>\n<div>[pro...')
#3 C:\xampp\htdocs\site2\wp-includes\class-wp-hook.php(324): do_shortcode('<div>\n<div>[pro...')
#4 C:\xampp\htdocs\site2\wp-includes\plugin.php(205): WP_Hook->apply_filters('<div>\n<div>[pro...', Array)
#5 C:\xampp\htdocs\site2\wp-includes\post-template.php(256): apply_filters('the_content', '<div>\r\n<div>[pr...')
#6 C:\xampp\htdocs\site2\wp-content\themes\astra\template-parts\single\content-header.php(33): the_content()
#7 C:\xampp\htdocs\site2\wp-includes\template.php(792): require('C:\\xampp\\htdocs...')
#8 C:\xampp\htdocs\site2\wp-includes\template.php(725): load_template('C:\\xampp\\htdocs...', false, Array)
#9 C:\xampp\htdocs\site2\wp-includes\general-template.php(206): locate_template(Array, true, false, Array)
#10 C:\xampp\htdocs\site2\wp-content\themes\astra\inc\template-parts.php(376): get_template_part('template-parts/...')
#11 C:\xampp\htdocs\site2\wp-includes\class-wp-hook.php(324): astra_entry_content_single_page_template('')
#12 C:\xampp\htdocs\site2\wp-includes\class-wp-hook.php(348): WP_Hook->apply_filters('', Array)
#13 C:\xampp\htdocs\site2\wp-includes\plugin.php(517): WP_Hook->do_action(Array)
#14 C:\xampp\htdocs\site2\wp-content\themes\astra\inc\core\theme-hooks.php(452): do_action('astra_entry_con...')
#15 C:\xampp\htdocs\site2\wp-content\themes\astra\template-parts\content-page.php(26): astra_entry_content_single_page()
#16 C:\xampp\htdocs\site2\wp-includes\template.php(792): require('C:\\xampp\\htdocs...')
#17 C:\xampp\htdocs\site2\wp-includes\template.php(725): load_template('C:\\xampp\\htdocs...', false, Array)
#18 C:\xampp\htdocs\site2\wp-includes\general-template.php(206): locate_template(Array, true, false, Array)
#19 C:\xampp\htdocs\site2\wp-content\themes\astra\inc\class-astra-loop.php(109): get_template_part('template-parts/...', 'page')
#20 C:\xampp\htdocs\site2\wp-includes\class-wp-hook.php(324): Astra_Loop->template_parts_page('')
#21 C:\xampp\htdocs\site2\wp-includes\class-wp-hook.php(348): WP_Hook->apply_filters('', Array)
#22 C:\xampp\htdocs\site2\wp-includes\plugin.php(517): WP_Hook->do_action(Array)
#23 C:\xampp\htdocs\site2\wp-content\themes\astra\inc\class-astra-loop.php(197): do_action('astra_page_temp...')
#24 C:\xampp\htdocs\site2\wp-content\themes\astra\inc\class-astra-loop.php(174): Astra_Loop->loop_markup(true)
#25 C:\xampp\htdocs\site2\wp-includes\class-wp-hook.php(324): Astra_Loop->loop_markup_page('')
#26 C:\xampp\htdocs\site2\wp-includes\class-wp-hook.php(348): WP_Hook->apply_filters('', Array)
#27 C:\xampp\htdocs\site2\wp-includes\plugin.php(517): WP_Hook->do_action(Array)
#28 C:\xampp\htdocs\site2\wp-content\themes\astra\inc\core\theme-hooks.php(267): do_action('astra_content_p...')
#29 C:\xampp\htdocs\site2\wp-content\themes\astra\page.php(33): astra_content_page_loop()
#30 C:\xampp\htdocs\site2\wp-includes\template-loader.php(106): include('C:\\xampp\\htdocs...')
#31 C:\xampp\htdocs\site2\wp-blog-header.php(19): require_once('C:\\xampp\\htdocs...')
#32 C:\xampp\htdocs\site2\index.php(17): require('C:\\xampp\\htdocs...')
#33 {main}
  thrown in C:\xampp\htdocs\site2\wp-content\plugins\custom-product-add\product.php on line 25

