2023-12-14T10:01:14+00:00 CRITICAL Uncaught TypeError: Unsupported operand types: string + string in C:\xampp\htdocs\site2\wp-content\plugins\custom-size-product\custom-size.php:141
Stack trace:
#0 C:\xampp\htdocs\site2\wp-includes\class-wp-hook.php(324): update_total_price_ajax('')
#1 C:\xampp\htdocs\site2\wp-includes\class-wp-hook.php(348): WP_Hook->apply_filters('', Array)
#2 C:\xampp\htdocs\site2\wp-includes\plugin.php(517): WP_Hook->do_action(Array)
#3 C:\xampp\htdocs\site2\wp-admin\admin-ajax.php(188): do_action('wp_ajax_update_...')
#4 {main}
  thrown in C:\xampp\htdocs\site2\wp-content\plugins\custom-size-product\custom-size.php on line 141

2023-12-14T10:01:16+00:00 CRITICAL Uncaught TypeError: Unsupported operand types: string + string in C:\xampp\htdocs\site2\wp-content\plugins\custom-size-product\custom-size.php:141
Stack trace:
#0 C:\xampp\htdocs\site2\wp-includes\class-wp-hook.php(324): update_total_price_ajax('')
#1 C:\xampp\htdocs\site2\wp-includes\class-wp-hook.php(348): WP_Hook->apply_filters('', Array)
#2 C:\xampp\htdocs\site2\wp-includes\plugin.php(517): WP_Hook->do_action(Array)
#3 C:\xampp\htdocs\site2\wp-admin\admin-ajax.php(188): do_action('wp_ajax_update_...')
#4 {main}
  thrown in C:\xampp\htdocs\site2\wp-content\plugins\custom-size-product\custom-size.php on line 141

2023-12-14T10:01:18+00:00 CRITICAL Uncaught TypeError: Unsupported operand types: string + string in C:\xampp\htdocs\site2\wp-content\plugins\custom-size-product\custom-size.php:141
Stack trace:
#0 C:\xampp\htdocs\site2\wp-includes\class-wp-hook.php(324): update_total_price_ajax('')
#1 C:\xampp\htdocs\site2\wp-includes\class-wp-hook.php(348): WP_Hook->apply_filters('', Array)
#2 C:\xampp\htdocs\site2\wp-includes\plugin.php(517): WP_Hook->do_action(Array)
#3 C:\xampp\htdocs\site2\wp-admin\admin-ajax.php(188): do_action('wp_ajax_update_...')
#4 {main}
  thrown in C:\xampp\htdocs\site2\wp-content\plugins\custom-size-product\custom-size.php on line 141

2023-12-14T10:01:20+00:00 CRITICAL Uncaught TypeError: Unsupported operand types: string + string in C:\xampp\htdocs\site2\wp-content\plugins\custom-size-product\custom-size.php:141
Stack trace:
#0 C:\xampp\htdocs\site2\wp-includes\class-wp-hook.php(324): update_total_price_ajax('')
#1 C:\xampp\htdocs\site2\wp-includes\class-wp-hook.php(348): WP_Hook->apply_filters('', Array)
#2 C:\xampp\htdocs\site2\wp-includes\plugin.php(517): WP_Hook->do_action(Array)
#3 C:\xampp\htdocs\site2\wp-admin\admin-ajax.php(188): do_action('wp_ajax_update_...')
#4 {main}
  thrown in C:\xampp\htdocs\site2\wp-content\plugins\custom-size-product\custom-size.php on line 141

2023-12-14T10:14:52+00:00 CRITICAL Uncaught Error: Call to undefined function media_handle_upload() in C:\xampp\htdocs\site2\wp-content\plugins\custom-product-add\product.php:56
Stack trace:
#0 C:\xampp\htdocs\site2\wp-includes\shortcodes.php(433): product_shortcode('', '', 'product_shortco...')
#1 [internal function]: do_shortcode_tag(Array)
#2 C:\xampp\htdocs\site2\wp-includes\shortcodes.php(273): preg_replace_callback('/\\[(\\[?)(produc...', 'do_shortcode_ta...', '[product_shortc...')
#3 C:\xampp\htdocs\site2\wp-includes\class-wp-hook.php(324): do_shortcode('[product_shortc...')
#4 C:\xampp\htdocs\site2\wp-includes\plugin.php(205): WP_Hook->apply_filters('[product_shortc...', Array)
#5 C:\xampp\htdocs\site2\wp-includes\post-template.php(256): apply_filters('the_content', '[product_shortc...')
#6 C:\xampp\htdocs\site2\wp-content\themes\astra\template-parts\single\content-header.php(33): the_content()
#7 C:\xampp\htdocs\site2\wp-includes\template.php(792): require('C:\\xampp\\htdocs...')
#8 C:\xampp\htdocs\site2\wp-includes\template.php(725): load_template('C:\\xampp\\htdocs...', false, Array)
#9 C:\xampp\htdocs\site2\wp-includes\general-template.php(206): locate_template(Array, true, false, Array)
#10 C:\xampp\htdocs\site2\wp-content\themes\astra\inc\template-parts.php(376): get_template_part('template-parts/...')
#11 C:\xampp\htdocs\site2\wp-includes\class-wp-hook.php(324): astra_entry_content_single_page_template('')
#12 C:\xampp\htdocs\site2\wp-includes\class-wp-hook.php(348): WP_Hook->apply_filters('', Array)
#13 C:\xampp\htdocs\site2\wp-includes\plugin.php(517): WP_Hook->do_action(Array)
#14 C:\xampp\htdocs\site2\wp-content\themes\astra\inc\core\theme-hooks.php(452): do_action('astra_entry_con...')
#15 C:\xampp\htdocs\site2\wp-content\themes\astra\template-parts\content-page.php(26): astra_entry_content_single_page()
#16 C:\xampp\htdocs\site2\wp-includes\template.php(792): require('C:\\xampp\\htdocs...')
#17 C:\xampp\htdocs\site2\wp-includes\template.php(725): load_template('C:\\xampp\\htdocs...', false, Array)
#18 C:\xampp\htdocs\site2\wp-includes\general-template.php(206): locate_template(Array, true, false, Array)
#19 C:\xampp\htdocs\site2\wp-content\themes\astra\inc\class-astra-loop.php(109): get_template_part('template-parts/...', 'page')
#20 C:\xampp\htdocs\site2\wp-includes\class-wp-hook.php(324): Astra_Loop->template_parts_page('')
#21 C:\xampp\htdocs\site2\wp-includes\class-wp-hook.php(348): WP_Hook->apply_filters('', Array)
#22 C:\xampp\htdocs\site2\wp-includes\plugin.php(517): WP_Hook->do_action(Array)
#23 C:\xampp\htdocs\site2\wp-content\themes\astra\inc\class-astra-loop.php(197): do_action('astra_page_temp...')
#24 C:\xampp\htdocs\site2\wp-content\themes\astra\inc\class-astra-loop.php(174): Astra_Loop->loop_markup(true)
#25 C:\xampp\htdocs\site2\wp-includes\class-wp-hook.php(324): Astra_Loop->loop_markup_page('')
#26 C:\xampp\htdocs\site2\wp-includes\class-wp-hook.php(348): WP_Hook->apply_filters('', Array)
#27 C:\xampp\htdocs\site2\wp-includes\plugin.php(517): WP_Hook->do_action(Array)
#28 C:\xampp\htdocs\site2\wp-content\themes\astra\inc\core\theme-hooks.php(267): do_action('astra_content_p...')
#29 C:\xampp\htdocs\site2\wp-content\themes\astra\page.php(33): astra_content_page_loop()
#30 C:\xampp\htdocs\site2\wp-includes\template-loader.php(106): include('C:\\xampp\\htdocs...')
#31 C:\xampp\htdocs\site2\wp-blog-header.php(19): require_once('C:\\xampp\\htdocs...')
#32 C:\xampp\htdocs\site2\index.php(17): require('C:\\xampp\\htdocs...')
#33 {main}
  thrown in C:\xampp\htdocs\site2\wp-content\plugins\custom-product-add\product.php on line 56

2023-12-14T10:18:04+00:00 CRITICAL Uncaught Error: Object of class WP_Error could not be converted to string in C:\xampp\htdocs\site2\wp-content\plugins\custom-product-add\product.php:86
Stack trace:
#0 C:\xampp\htdocs\site2\wp-content\plugins\custom-product-add\product.php(86): implode(',', Array)
#1 C:\xampp\htdocs\site2\wp-includes\shortcodes.php(433): product_shortcode('', '', 'product_shortco...')
#2 [internal function]: do_shortcode_tag(Array)
#3 C:\xampp\htdocs\site2\wp-includes\shortcodes.php(273): preg_replace_callback('/\\[(\\[?)(produc...', 'do_shortcode_ta...', '[product_shortc...')
#4 C:\xampp\htdocs\site2\wp-includes\class-wp-hook.php(324): do_shortcode('[product_shortc...')
#5 C:\xampp\htdocs\site2\wp-includes\plugin.php(205): WP_Hook->apply_filters('[product_shortc...', Array)
#6 C:\xampp\htdocs\site2\wp-includes\post-template.php(256): apply_filters('the_content', '[product_shortc...')
#7 C:\xampp\htdocs\site2\wp-content\themes\astra\template-parts\single\content-header.php(33): the_content()
#8 C:\xampp\htdocs\site2\wp-includes\template.php(792): require('C:\\xampp\\htdocs...')
#9 C:\xampp\htdocs\site2\wp-includes\template.php(725): load_template('C:\\xampp\\htdocs...', false, Array)
#10 C:\xampp\htdocs\site2\wp-includes\general-template.php(206): locate_template(Array, true, false, Array)
#11 C:\xampp\htdocs\site2\wp-content\themes\astra\inc\template-parts.php(376): get_template_part('template-parts/...')
#12 C:\xampp\htdocs\site2\wp-includes\class-wp-hook.php(324): astra_entry_content_single_page_template('')
#13 C:\xampp\htdocs\site2\wp-includes\class-wp-hook.php(348): WP_Hook->apply_filters('', Array)
#14 C:\xampp\htdocs\site2\wp-includes\plugin.php(517): WP_Hook->do_action(Array)
#15 C:\xampp\htdocs\site2\wp-content\themes\astra\inc\core\theme-hooks.php(452): do_action('astra_entry_con...')
#16 C:\xampp\htdocs\site2\wp-content\themes\astra\template-parts\content-page.php(26): astra_entry_content_single_page()
#17 C:\xampp\htdocs\site2\wp-includes\template.php(792): require('C:\\xampp\\htdocs...')
#18 C:\xampp\htdocs\site2\wp-includes\template.php(725): load_template('C:\\xampp\\htdocs...', false, Array)
#19 C:\xampp\htdocs\site2\wp-includes\general-template.php(206): locate_template(Array, true, false, Array)
#20 C:\xampp\htdocs\site2\wp-content\themes\astra\inc\class-astra-loop.php(109): get_template_part('template-parts/...', 'page')
#21 C:\xampp\htdocs\site2\wp-includes\class-wp-hook.php(324): Astra_Loop->template_parts_page('')
#22 C:\xampp\htdocs\site2\wp-includes\class-wp-hook.php(348): WP_Hook->apply_filters('', Array)
#23 C:\xampp\htdocs\site2\wp-includes\plugin.php(517): WP_Hook->do_action(Array)
#24 C:\xampp\htdocs\site2\wp-content\themes\astra\inc\class-astra-loop.php(197): do_action('astra_page_temp...')
#25 C:\xampp\htdocs\site2\wp-content\themes\astra\inc\class-astra-loop.php(174): Astra_Loop->loop_markup(true)
#26 C:\xampp\htdocs\site2\wp-includes\class-wp-hook.php(324): Astra_Loop->loop_markup_page('')
#27 C:\xampp\htdocs\site2\wp-includes\class-wp-hook.php(348): WP_Hook->apply_filters('', Array)
#28 C:\xampp\htdocs\site2\wp-includes\plugin.php(517): WP_Hook->do_action(Array)
#29 C:\xampp\htdocs\site2\wp-content\themes\astra\inc\core\theme-hooks.php(267): do_action('astra_content_p...')
#30 C:\xampp\htdocs\site2\wp-content\themes\astra\page.php(33): astra_content_page_loop()
#31 C:\xampp\htdocs\site2\wp-includes\template-loader.php(106): include('C:\\xampp\\htdocs...')
#32 C:\xampp\htdocs\site2\wp-blog-header.php(19): require_once('C:\\xampp\\htdocs...')
#33 C:\xampp\htdocs\site2\index.php(17): require('C:\\xampp\\htdocs...')
#34 {main}
  thrown in C:\xampp\htdocs\site2\wp-content\plugins\custom-product-add\product.php on line 86

